[15-08-2025 00:00:07] INFO: [User: anonymous] ← 204 OPTIONS /api/verifyToken | 4.75 ms from ::1
[15-08-2025 00:00:07] INFO: [User: anonymous] ← 200 POST /api/verifyToken | 2.21 ms from ::1
[15-08-2025 00:00:07] INFO: [User: anonymous] ← 204 OPTIONS /api/verifyToken | 0.94 ms from ::1
[15-08-2025 00:00:07] INFO: [User: anonymous] ← 200 POST /api/verifyToken | 2.21 ms from ::1
[15-08-2025 00:00:07] INFO: [User: anonymous] ← 204 OPTIONS /api/admin/data/get | 0.62 ms from ::1
[15-08-2025 00:00:07] ERROR: [User: anonymous] ← 500 GET /api/admin/data/get | 8.69 ms from ::1
[15-08-2025 00:00:07] INFO: [User: anonymous] ← 200 GET /api/admin/data/get | 57.35 ms from ::1
[15-08-2025 00:00:17] INFO: [User: anonymous] ← 204 OPTIONS /api/login/website | 0.99 ms from ::1
[15-08-2025 00:00:18] WARN: [User: anonymous] ← 401 POST /api/login/website | 953.20 ms from ::1
[15-08-2025 00:00:23] INFO: [User: anonymous] ← 204 OPTIONS /api/login/website | 1.25 ms from ::1
[15-08-2025 00:00:24] INFO: [User: anonymous] ← 200 POST /api/login/website | 983.43 ms from ::1
[15-08-2025 00:08:05] INFO: [User: anonymous] ← 204 OPTIONS /api/login/website | 1.04 ms from ::1
[15-08-2025 00:08:05] ERROR: [User: anonymous] ← 500 POST /api/login/website | 8.65 ms from ::1
[15-08-2025 00:08:08] WARN: [SLOW] [User: anonymous] ← 401 POST /api/login/website | 1050.48 ms from ::1
[15-08-2025 00:08:08] WARN: [User: anonymous] ← 401 POST /api/login/website | 1050.48 ms from ::1
[15-08-2025 00:08:14] INFO: [User: anonymous] ← 204 OPTIONS /api/login/website | 0.70 ms from ::1
[15-08-2025 00:08:15] INFO: [User: anonymous] ← 200 POST /api/login/website | 971.05 ms from ::1
[15-08-2025 00:08:15] INFO: [User: anonymous] ← 204 OPTIONS /api/verifyToken | 1.51 ms from ::1
[15-08-2025 00:08:15] INFO: [User: anonymous] ← 204 OPTIONS /api/verifyToken | 0.68 ms from ::1
[15-08-2025 00:08:15] INFO: [User: anonymous] ← 200 POST /api/verifyToken | 1.96 ms from ::1
[15-08-2025 00:08:15] INFO: [User: anonymous] ← 200 POST /api/verifyToken | 2.03 ms from ::1
[15-08-2025 00:08:15] INFO: [User: anonymous] ← 204 OPTIONS /api/admin/data/get | 0.81 ms from ::1
[15-08-2025 00:08:15] INFO: [User: anonymous] ← 304 GET /api/admin/data/get | 12.77 ms from ::1
[15-08-2025 00:08:15] INFO: [User: anonymous] ← 304 GET /api/admin/data/get | 11.92 ms from ::1
[15-08-2025 00:22:49] INFO: [User: anonymous] ← 304 GET /api-docs/ | 1.66 ms from ::1
[15-08-2025 00:22:49] INFO: [User: anonymous] ← 304 GET /api-docs/swagger-ui.css | 1.20 ms from ::1
[15-08-2025 00:22:49] INFO: [User: anonymous] ← 304 GET /api-docs/swagger-ui-init.js | 2.64 ms from ::1
[15-08-2025 00:22:49] INFO: [User: anonymous] ← 304 GET /api-docs/swagger-ui-bundle.js | 9.08 ms from ::1
[15-08-2025 00:22:49] INFO: [User: anonymous] ← 304 GET /api-docs/swagger-ui-standalone-preset.js | 7.17 ms from ::1
[15-08-2025 00:30:57] INFO: [User: anonymous] ← 204 OPTIONS /api/login/website | 1.11 ms from ::1
[15-08-2025 00:30:57] ERROR: [User: anonymous] ← 500 POST /api/login/website | 8.87 ms from ::1
[15-08-2025 00:31:01] WARN: [User: anonymous] ← 401 POST /api/login/website | 999.04 ms from ::1
[15-08-2025 00:31:05] INFO: [User: anonymous] ← 204 OPTIONS /api/login/website | 0.77 ms from ::1
[15-08-2025 00:31:06] INFO: [User: anonymous] ← 200 POST /api/login/website | 977.63 ms from ::1
[15-08-2025 00:37:01] INFO: [User: anonymous] ← 200 POST /api/login/website | 978.69 ms from ::1
[15-08-2025 00:37:46] ERROR: [User: anonymous] ← 500 GET /api/admin/data/get | 9.12 ms from ::1
[15-08-2025 00:37:49] INFO: [User: anonymous] ← 200 GET /api/admin/data/get | 52.04 ms from ::1
[15-08-2025 00:42:44] INFO: [User: anonymous] ← 204 OPTIONS /api/verifyToken | 0.79 ms from ::1
[15-08-2025 00:42:44] INFO: [User: anonymous] ← 200 POST /api/verifyToken | 1.87 ms from ::1
[15-08-2025 00:42:44] INFO: [User: anonymous] ← 200 POST /api/verifyToken | 2.05 ms from ::1
[15-08-2025 00:42:44] INFO: [User: anonymous] ← 204 OPTIONS /api/admin/data/get | 1.04 ms from ::1
[15-08-2025 00:42:44] INFO: [User: anonymous] ← 204 OPTIONS /api/admin/data/get | 1.09 ms from ::1
[15-08-2025 00:42:44] INFO: [User: anonymous] ← 304 GET /api/admin/data/get | 11.66 ms from ::1
[15-08-2025 00:42:44] INFO: [User: anonymous] ← 304 GET /api/admin/data/get | 11.25 ms from ::1
[15-08-2025 00:48:05] INFO: [User: anonymous] ← 204 OPTIONS /api/login/website | 0.85 ms from ::1
[15-08-2025 00:48:06] INFO: [User: anonymous] ← 200 POST /api/login/website | 960.57 ms from ::1
[15-08-2025 00:48:06] INFO: [User: anonymous] ← 204 OPTIONS /api/verifyToken | 1.69 ms from ::1
[15-08-2025 00:48:06] INFO: [User: anonymous] ← 204 OPTIONS /api/verifyToken | 0.83 ms from ::1
[15-08-2025 00:48:06] INFO: [User: anonymous] ← 200 POST /api/verifyToken | 1.80 ms from ::1
[15-08-2025 00:48:06] INFO: [User: anonymous] ← 200 POST /api/verifyToken | 3.51 ms from ::1
[15-08-2025 00:48:06] INFO: [User: anonymous] ← 204 OPTIONS /api/admin/data/get | 0.60 ms from ::1
[15-08-2025 00:48:06] INFO: [User: anonymous] ← 304 GET /api/admin/data/get | 11.81 ms from ::1
[15-08-2025 00:48:06] INFO: [User: anonymous] ← 304 GET /api/admin/data/get | 11.80 ms from ::1
[15-08-2025 00:53:28] INFO: [User: anonymous] ← 204 OPTIONS /api/login/website | 1.19 ms from ::1
[15-08-2025 00:53:29] INFO: [User: anonymous] ← 200 POST /api/login/website | 971.59 ms from ::1
[15-08-2025 00:53:29] INFO: [User: anonymous] ← 204 OPTIONS /api/verifyToken | 0.70 ms from ::1
[15-08-2025 00:53:29] INFO: [User: anonymous] ← 200 POST /api/verifyToken | 2.25 ms from ::1
[15-08-2025 00:53:29] INFO: [User: anonymous] ← 200 POST /api/verifyToken | 2.44 ms from ::1
[15-08-2025 00:53:29] INFO: [User: anonymous] ← 204 OPTIONS /api/admin/data/get | 0.84 ms from ::1
[15-08-2025 00:53:29] INFO: [User: anonymous] ← 204 OPTIONS /api/admin/data/get | 0.86 ms from ::1
[15-08-2025 00:53:29] INFO: [User: anonymous] ← 304 GET /api/admin/data/get | 11.46 ms from ::1
[15-08-2025 00:53:29] INFO: [User: anonymous] ← 304 GET /api/admin/data/get | 11.48 ms from ::1
[15-08-2025 01:12:18] INFO: [User: anonymous] ← 204 OPTIONS /api/login/website | 0.95 ms from ::1
[15-08-2025 01:12:18] ERROR: [User: anonymous] ← 500 POST /api/login/website | 8.96 ms from ::1
[15-08-2025 01:12:21] WARN: [SLOW] [User: anonymous] ← 200 POST /api/login/website | 1002.61 ms from ::1
[15-08-2025 01:12:21] INFO: [User: anonymous] ← 200 POST /api/login/website | 1002.61 ms from ::1
[15-08-2025 01:12:21] INFO: [User: anonymous] ← 204 OPTIONS /api/verifyToken | 0.87 ms from ::1
[15-08-2025 01:12:21] INFO: [User: anonymous] ← 204 OPTIONS /api/verifyToken | 0.99 ms from ::1
[15-08-2025 01:12:21] INFO: [User: anonymous] ← 200 POST /api/verifyToken | 3.48 ms from ::1
[15-08-2025 01:12:21] INFO: [User: anonymous] ← 200 POST /api/verifyToken | 3.16 ms from ::1
[15-08-2025 01:12:21] INFO: [User: anonymous] ← 204 OPTIONS /api/admin/data/get | 1.66 ms from ::1
[15-08-2025 01:12:21] INFO: [User: anonymous] ← 204 OPTIONS /api/admin/data/get | 0.63 ms from ::1
[15-08-2025 01:12:22] INFO: [User: anonymous] ← 304 GET /api/admin/data/get | 10.56 ms from ::1
[15-08-2025 01:12:22] INFO: [User: anonymous] ← 304 GET /api/admin/data/get | 11.41 ms from ::1
