[02-09-2025 20:22:26] INFO: [User: anonymous] ← 204 OPTIONS /api/login/website | 6.31 ms from ::1
[02-09-2025 20:22:26] WARN: [User: anonymous] ← 401 POST /api/login/website | 385.76 ms from ::1
[02-09-2025 20:22:29] WARN: [User: anonymous] ← 401 POST /api/login/website | 16.56 ms from ::1
[02-09-2025 20:23:00] INFO: [User: anonymous] ← 204 OPTIONS /api/login/website | 1.51 ms from ::1
[02-09-2025 20:23:00] WARN: [User: anonymous] ← 401 POST /api/login/website | 12.42 ms from ::1
[02-09-2025 20:23:02] WARN: [User: anonymous] ← 401 POST /api/login/website | 11.99 ms from ::1
[02-09-2025 20:23:13] INFO: [User: anonymous] ← 204 OPTIONS /api/login/website | 0.97 ms from ::1
[02-09-2025 20:23:15] WARN: [SLOW] [User: anonymous] ← 200 POST /api/login/website | 1135.29 ms from ::1
[02-09-2025 20:23:15] INFO: [User: anonymous] ← 200 POST /api/login/website | 1135.29 ms from ::1
[02-09-2025 20:23:15] INFO: [User: anonymous] ← 204 OPTIONS /api/timestamp/website/insert | 2.13 ms from ::1
[02-09-2025 20:23:15] INFO: [User: anonymous] ← 200 POST /api/timestamp/website/insert | 280.67 ms from ::1
[02-09-2025 20:23:15] INFO: [User: anonymous] ← 204 OPTIONS /api/verifyToken-website | 1.18 ms from ::1
[02-09-2025 20:23:15] INFO: [User: anonymous] ← 200 POST /api/verifyToken-website | 6.10 ms from ::1
[02-09-2025 20:23:15] INFO: [User: anonymous] ← 204 OPTIONS /api/verifyToken-website | 2.14 ms from ::1
[02-09-2025 20:23:15] INFO: [User: anonymous] ← 200 POST /api/verifyToken-website | 4.17 ms from ::1
[02-09-2025 20:23:15] INFO: [User: anonymous] ← 304 GET /api/admin/data/get | 34.19 ms from ::1
[02-09-2025 20:23:15] INFO: [User: anonymous] ← 304 GET /api/admin/data/get | 12.18 ms from ::1
[02-09-2025 20:23:25] INFO: [User: anonymous] ← 200 GET /api/timestamp/get | 241.40 ms from ::1
[02-09-2025 20:23:25] INFO: [User: anonymous] ← 304 GET /api/timestamp/get | 52.68 ms from ::1
[02-09-2025 20:24:05] INFO: [User: anonymous] ← 304 GET /api/timestamp/get | 22.72 ms from ::1
[02-09-2025 20:24:05] INFO: [User: anonymous] ← 304 GET /api/timestamp/get | 15.79 ms from ::1
[02-09-2025 20:24:12] INFO: [User: anonymous] ← 304 GET /api/timestamp/get | 15.22 ms from ::1
[02-09-2025 20:24:12] INFO: [User: anonymous] ← 304 GET /api/timestamp/get | 14.84 ms from ::1
[02-09-2025 21:03:01] INFO: [User: anonymous] ← 204 OPTIONS /api/login/website | 1.38 ms from ::1
[02-09-2025 21:03:01] ERROR: [User: anonymous] ← 500 POST /api/login/website | 10.66 ms from ::1
[02-09-2025 21:03:03] WARN: [SLOW] [User: anonymous] ← 200 POST /api/login/website | 1028.70 ms from ::1
[02-09-2025 21:03:03] INFO: [User: anonymous] ← 200 POST /api/login/website | 1028.70 ms from ::1
[02-09-2025 21:03:03] INFO: [User: anonymous] ← 204 OPTIONS /api/timestamp/website/insert | 1.48 ms from ::1
[02-09-2025 21:03:03] INFO: [User: anonymous] ← 200 POST /api/timestamp/website/insert | 75.63 ms from ::1
[02-09-2025 21:03:04] INFO: [User: anonymous] ← 204 OPTIONS /api/verifyToken-website | 1.33 ms from ::1
[02-09-2025 21:03:04] INFO: [User: anonymous] ← 200 POST /api/verifyToken-website | 6.99 ms from ::1
[02-09-2025 21:03:04] INFO: [User: anonymous] ← 204 OPTIONS /api/verifyToken-website | 1.85 ms from ::1
[02-09-2025 21:03:04] INFO: [User: anonymous] ← 200 POST /api/verifyToken-website | 2.71 ms from ::1
[02-09-2025 21:03:04] INFO: [User: anonymous] ← 304 GET /api/admin/data/get | 12.37 ms from ::1
[02-09-2025 21:03:04] INFO: [User: anonymous] ← 304 GET /api/admin/data/get | 11.00 ms from ::1
