[03-09-2025 19:01:58] INFO: [User: anonymous] ← 204 OPTIONS /api/login/website | 6.17 ms from ::1
[03-09-2025 19:01:59] WARN: [SLOW] [User: anonymous] ← 200 POST /api/login/website | 1039.48 ms from ::1
[03-09-2025 19:01:59] INFO: [User: anonymous] ← 200 POST /api/login/website | 1039.48 ms from ::1
[03-09-2025 19:01:59] INFO: [User: anonymous] ← 204 OPTIONS /api/timestamp/website/insert | 1.21 ms from ::1
[03-09-2025 19:01:59] INFO: [User: anonymous] ← 200 POST /api/timestamp/website/insert | 140.69 ms from ::1
[03-09-2025 19:01:59] INFO: [User: anonymous] ← 204 OPTIONS /api/verifyToken-website | 4.52 ms from ::1
[03-09-2025 19:01:59] INFO: [User: anonymous] ← 200 POST /api/verifyToken-website | 8.93 ms from ::1
[03-09-2025 19:01:59] INFO: [User: anonymous] ← 204 OPTIONS /api/verifyToken-website | 4.49 ms from ::1
[03-09-2025 19:01:59] INFO: [User: anonymous] ← 200 POST /api/verifyToken-website | 4.89 ms from ::1
[03-09-2025 19:01:59] INFO: [User: anonymous] ← 304 GET /api/admin/data/get | 15.84 ms from ::1
[03-09-2025 19:01:59] INFO: [User: anonymous] ← 304 GET /api/admin/data/get | 13.69 ms from ::1
[03-09-2025 19:43:06] INFO: [User: anonymous] ← 204 OPTIONS /api/timestamp/website/insert | 1.26 ms from ::1
[03-09-2025 19:43:06] ERROR: [User: anonymous] ← 500 POST /api/timestamp/website/insert | 11.89 ms from ::1
[03-09-2025 19:43:11] INFO: [User: anonymous] ← 204 OPTIONS /api/login/website | 1.12 ms from ::1
[03-09-2025 19:43:12] WARN: [SLOW] [User: anonymous] ← 200 POST /api/login/website | 1078.39 ms from ::1
[03-09-2025 19:43:12] INFO: [User: anonymous] ← 200 POST /api/login/website | 1078.39 ms from ::1
[03-09-2025 19:43:12] INFO: [User: anonymous] ← 204 OPTIONS /api/timestamp/website/insert | 1.00 ms from ::1
[03-09-2025 19:43:12] INFO: [User: anonymous] ← 200 POST /api/timestamp/website/insert | 200.02 ms from ::1
[03-09-2025 19:43:12] INFO: [User: anonymous] ← 204 OPTIONS /api/verifyToken-website | 1.10 ms from ::1
[03-09-2025 19:43:12] INFO: [User: anonymous] ← 204 OPTIONS /api/verifyToken-website | 2.10 ms from ::1
[03-09-2025 19:43:12] INFO: [User: anonymous] ← 200 POST /api/verifyToken-website | 17.44 ms from ::1
[03-09-2025 19:43:12] INFO: [User: anonymous] ← 200 POST /api/verifyToken-website | 4.21 ms from ::1
[03-09-2025 19:43:12] INFO: [User: anonymous] ← 304 GET /api/admin/data/get | 12.51 ms from ::1
[03-09-2025 19:43:12] INFO: [User: anonymous] ← 304 GET /api/admin/data/get | 12.15 ms from ::1
[03-09-2025 19:43:18] INFO: [User: anonymous] ← 200 GET /api/timestamp/get | 143.40 ms from ::1
[03-09-2025 19:43:19] INFO: [User: anonymous] ← 304 GET /api/timestamp/get | 45.81 ms from ::1
[03-09-2025 19:44:31] INFO: [User: anonymous] ← 304 GET /api/timestamp/get | 22.77 ms from ::1
[03-09-2025 19:44:31] INFO: [User: anonymous] ← 304 GET /api/timestamp/get | 13.74 ms from ::1
[03-09-2025 19:45:20] INFO: [User: anonymous] ← 304 GET /api/timestamp/get | 14.39 ms from ::1
[03-09-2025 19:45:20] INFO: [User: anonymous] ← 304 GET /api/timestamp/get | 15.03 ms from ::1
[03-09-2025 19:45:32] INFO: [User: anonymous] ← 304 GET /api/timestamp/get | 13.70 ms from ::1
[03-09-2025 19:45:32] INFO: [User: anonymous] ← 304 GET /api/timestamp/get | 16.60 ms from ::1
[03-09-2025 19:45:44] INFO: [User: anonymous] ← 304 GET /api/timestamp/get | 15.54 ms from ::1
[03-09-2025 19:45:44] INFO: [User: anonymous] ← 304 GET /api/timestamp/get | 15.65 ms from ::1
[03-09-2025 19:49:07] INFO: [User: anonymous] ← 304 GET /api/timestamp/get | 16.11 ms from ::1
[03-09-2025 19:49:07] INFO: [User: anonymous] ← 304 GET /api/timestamp/get | 14.19 ms from ::1
[03-09-2025 19:53:27] INFO: [User: anonymous] ← 204 OPTIONS /api/timestamp/website/insert | 1.19 ms from ::1
[03-09-2025 19:53:27] INFO: [User: anonymous] ← 200 POST /api/timestamp/website/insert | 235.87 ms from ::1
[03-09-2025 19:53:27] INFO: [User: anonymous] ← 204 OPTIONS /api/logout-website | 0.85 ms from ::1
[03-09-2025 19:53:27] INFO: [User: anonymous] ← 200 POST /api/logout-website | 1.78 ms from ::1
[03-09-2025 19:53:49] INFO: [User: anonymous] ← 204 OPTIONS /api/login/website | 0.94 ms from ::1
[03-09-2025 19:53:51] WARN: [SLOW] [User: anonymous] ← 200 POST /api/login/website | 1303.03 ms from ::1
[03-09-2025 19:53:51] INFO: [User: anonymous] ← 200 POST /api/login/website | 1303.03 ms from ::1
[03-09-2025 19:53:51] INFO: [User: anonymous] ← 204 OPTIONS /api/timestamp/website/insert | 1.01 ms from ::1
[03-09-2025 19:53:51] INFO: [User: anonymous] ← 200 POST /api/timestamp/website/insert | 27.42 ms from ::1
[03-09-2025 19:53:51] INFO: [User: anonymous] ← 204 OPTIONS /api/verifyToken-website | 2.87 ms from ::1
[03-09-2025 19:53:51] INFO: [User: anonymous] ← 200 POST /api/verifyToken-website | 2.32 ms from ::1
[03-09-2025 19:53:51] INFO: [User: anonymous] ← 204 OPTIONS /api/verifyToken-website | 2.06 ms from ::1
[03-09-2025 19:53:51] INFO: [User: anonymous] ← 200 POST /api/verifyToken-website | 6.73 ms from ::1
[03-09-2025 19:53:51] INFO: [User: anonymous] ← 200 GET /api/admin/data/get | 258.56 ms from ::1
[03-09-2025 19:53:51] INFO: [User: anonymous] ← 304 GET /api/admin/data/get | 12.66 ms from ::1
[03-09-2025 19:54:14] INFO: [User: anonymous] ← 204 OPTIONS /api/timestamp/website/insert | 0.90 ms from ::1
[03-09-2025 19:54:15] INFO: [User: anonymous] ← 200 POST /api/timestamp/website/insert | 171.68 ms from ::1
[03-09-2025 19:54:15] INFO: [User: anonymous] ← 204 OPTIONS /api/logout-website | 0.89 ms from ::1
[03-09-2025 19:54:15] INFO: [User: anonymous] ← 200 POST /api/logout-website | 1.14 ms from ::1
[03-09-2025 19:54:23] INFO: [User: anonymous] ← 204 OPTIONS /api/login/website | 1.74 ms from ::1
[03-09-2025 19:54:24] WARN: [SLOW] [User: anonymous] ← 200 POST /api/login/website | 1003.91 ms from ::1
[03-09-2025 19:54:24] INFO: [User: anonymous] ← 200 POST /api/login/website | 1003.91 ms from ::1
[03-09-2025 19:54:24] INFO: [User: anonymous] ← 204 OPTIONS /api/timestamp/website/insert | 1.14 ms from ::1
[03-09-2025 19:54:24] INFO: [User: anonymous] ← 200 POST /api/timestamp/website/insert | 173.37 ms from ::1
[03-09-2025 19:54:24] INFO: [User: anonymous] ← 204 OPTIONS /api/verifyToken-website | 4.76 ms from ::1
[03-09-2025 19:54:24] INFO: [User: anonymous] ← 204 OPTIONS /api/verifyToken-website | 1.81 ms from ::1
[03-09-2025 19:54:24] INFO: [User: anonymous] ← 200 POST /api/verifyToken-website | 11.03 ms from ::1
[03-09-2025 19:54:24] INFO: [User: anonymous] ← 200 POST /api/verifyToken-website | 6.26 ms from ::1
[03-09-2025 19:54:24] INFO: [User: anonymous] ← 200 GET /api/admin/data/get | 11.97 ms from ::1
[03-09-2025 19:54:24] INFO: [User: anonymous] ← 304 GET /api/admin/data/get | 12.03 ms from ::1
